Plugins:
  - Clover 4.1 (clover)
Bundled analyzers:
  - IaC Code Quality and Security 1.11.0.2847 (iac)
  - PL/SQL Code Quality and Security 3.8.0.4948 (plsql)
  - Scala Code Quality and Security 1.11.0.3905 (sonarscala)
  - C# Code Quality and Security 8.51.0.59060 (csharp)
  - Vulnerability Analysis 9.9.0.19083 (security)
  - Java Code Quality and Security 7.16.0.30901 (java)
  - HTML Code Quality and Security 3.7.1.3306 (web)
  - Flex Code Quality and Security 2.8.0.3166 (flex)
  - XML Code Quality and Security 2.7.0.3820 (xml)
  - Text Code Quality and Security 2.0.1.611 (text)
  - VB.NET Code Quality and Security 8.51.0.59060 (vbnet)
  - Swift Code Quality and Security 4.8.0.5759 (swift)
  - CFamily Code Quality and Security 6.41.0.60884 (cpp)
  - Python Code Quality and Security 3.24.0.10784 (python)
  - Dataflow Bug Detection Rules for Python 1.10.0.3046 (dbdpythonfrontend)
  - Dataflow Bug Detection 1.10.0.3046 (dbd)
  - Go Code Quality and Security 1.11.0.3905 (go)
  - JaCoCo 1.3.0.1538 (jacoco)
  - Kotlin Code Quality and Security 2.12.0.1956 (kotlin)
  - RPG Code Quality 3.3.0.3147 (rpg)
  - Dataflow Bug Detection Rules for Java 1.10.0.3046 (dbdjavafrontend)
  - PL/I Code Quality and Security 1.12.0.3443 (pli)
  - T-SQL Code Quality and Security 1.7.0.5449 (tsql)
  - VB6 Code Quality and Security 2.9.0.3341 (vb)
  - Apex Code Quality and Security 1.11.0.3905 (sonarapex)
  - JavaScript/TypeScript/CSS Code Quality and Security 9.13.0.20537 (javascript)
  - Ruby Code Quality and Security 1.11.0.3905 (ruby)
  - Vulnerability Rules for C# 9.9.0.19083 (securitycsharpfrontend)
  - Vulnerability Rules for Java 9.9.0.19083 (securityjavafrontend)
  - Vulnerability Rules for JS 9.9.0.19083 (securityjsfrontend)
  - COBOL Code Quality 5.2.0.5949 (cobol)
  - Vulnerability Rules for Python 9.9.0.19083 (securitypythonfrontend)
  - PHP Code Quality and Security 3.27.1.9352 (php)
  - ABAP Code Quality and Security 3.11.0.4030 (abap)
  - Configuration detection fot Code Quality and Security 1.2.0.267 (config)
  - Vulnerability Rules for PHP 9.9.0.19083 (securityphpfrontend)
Global server settings:
  - email.from=no-reply@cellulant.io
  - sonar.auth.gitlab.allowUsersToSignUp=true
  - sonar.auth.gitlab.enabled=true
  - sonar.auth.gitlab.url=https://gitlab.com
  - sonar.clover.reportPath=reports/clover.xml
  - sonar.core.id=02F7F878-AXZLvThgZzEUZnXtko62
  - sonar.core.serverBaseURL=https://sonar.cellulant.co.ke
  - sonar.core.startTime=2023-02-10T15:12:10+0000
  - sonar.dbcleaner.auditHousekeeping=Weekly
  - sonar.dbcleaner.branchesToKeepWhenInactive=production,approval
  - sonar.dbcleaner.daysBeforeDeletingClosedIssues=20
  - sonar.dbcleaner.daysBeforeDeletingInactiveBranchesAndPRs=10
  - sonar.dbcleaner.weeksBeforeKeepingOnlyAnalysesWithVersion=30
  - sonar.dbcleaner.weeksBeforeKeepingOnlyOneSnapshotByMonth=30
  - sonar.dbcleaner.weeksBeforeKeepingOnlyOneSnapshotByWeek=1
  - sonar.forceAuthentication=true
  - sonar.governance.report.view.frequency=Weekly
  - sonar.governance.report.view.recipients=michael.muriuki@celluant.io,victor.william@cellulant.io,judith.kalondu@cellulant.io,john.mburu@cellulant.io
  - sonar.lf.enableGravatar=true
  - sonar.lf.logoUrl=https://thanos.cellulant.africa/uploads/-/system/appearance/header_logo/1/Cellulan_new_logo_white.png
  - sonar.plugins.risk.consent=ACCEPTED
Project server settings:
Project scanner properties:
  - sonar.branch.name=feature/unit-test
  - sonar.c.file.suffixes=-
  - sonar.coverage.jacoco.xmlReportPaths=coverage.xml
  - sonar.coverageReportPaths=coverage.xml
  - sonar.cpp.file.suffixes=-
  - sonar.exclusions=**/*.xml,Pods/**/*,Reports/**/*
  - sonar.host.url=https://sonar.cellulant.co.ke/
  - sonar.junit.reportsPath=sonar-reports/TEST-report.xml
  - sonar.language=swift
  - sonar.login=******
  - sonar.objc.file.suffixes=-
  - sonar.projectBaseDir=/usr/src
  - sonar.projectDescription=This is TinggiOS
  - sonar.projectKey=tinggios
  - sonar.projectName=TinggIOS
  - sonar.qualitygate.wait=true
  - sonar.scanner.app=ScannerCLI
  - sonar.scanner.appVersion=4.8.0.2856
  - sonar.sourceEncoding=UTF-8
  - sonar.sources=.
  - sonar.swift.appConfiguration=Debug
  - sonar.swift.appName=TinggIOS
  - sonar.swift.appScheme=TinggIOS
  - sonar.swift.coverage.reportPattern=sonar-reports/coverage-swift*.xml
  - sonar.swift.simulator=platform=iOS Simulator,name=iPhone 11,OS=15
  - sonar.swift.swiftlint.report=sonar-reports/*swiftlint.txt
  - sonar.swift.tailor.config=--no-color --max-line-length=100 --max-file-length=500 --max-name-length=40 --max-name-length=40 --min-name-length=4
  - sonar.swift.tailor.report=sonar-reports/*tailor.txt
  - sonar.swift.workspace=TinggIOS/TinggIOS.xcworkspace
  - sonar.test.inclusions=*.swift
  - sonar.tests=TinggIOS/Home/Tests/HomeTests,TinggIOS/OnboardingUITest,TinggIOS/Core/Tests/CoreTests,TinggIOS/Onboarding/Tests/OnboardingsTests
  - sonar.working.directory=/usr/src/.scannerwork
